This is pdfTeX, Version 3.14159265-2.6-1.40.21 (MiKTeX 20.12) (preloaded format=pdflatex 2021.1.18)  20 MAR 2021 15:16
entering extended mode
**./lucrare-licenta-Nume-Prenume.tex
(lucrare-licenta-Nume-Prenume.tex
LaTeX2e <2020-10-01> patch level 4
L3 programming layer <2021-01-09> xparse <2020-03-03> (book.cls
Document Class: book 1998/05/05 v1.3y Standard LaTeX document class
(bk11.clo
File: bk11.clo 2007/10/19 v1.4h Standard LaTeX file (size option)
)
\c@part=\count177
\c@chapter=\count178
\c@section=\count179
\c@subsection=\count180
\c@subsubsection=\count181
\c@paragraph=\count182
\c@subparagraph=\count183
\c@figure=\count184
\c@table=\count185
\abovecaptionskip=\skip47
\belowcaptionskip=\skip48
\bibindent=\dimen138
) ("C:\Program Files\MiKTeX\tex/latex/amsmath\amsmath.sty"
Package: amsmath 2020/09/23 v2.17i AMS math features
\@mathmargin=\skip49

For additional information on amsmath, use the `?' option.
("C:\Program Files\MiKTeX\tex/latex/amsmath\amstext.sty"
Package: amstext 2000/06/29 v2.01 AMS text

("C:\Program Files\MiKTeX\tex/latex/amsmath\amsgen.sty"
File: amsgen.sty 1999/11/30 v2.0 generic functions
\@emptytoks=\toks15
\ex@=\dimen139
))
("C:\Program Files\MiKTeX\tex/latex/amsmath\amsbsy.sty"
Package: amsbsy 1999/11/29 v1.2d Bold Symbols
\pmbraise@=\dimen140
)
("C:\Program Files\MiKTeX\tex/latex/amsmath\amsopn.sty"
Package: amsopn 2016/03/08 v2.02 operator names
)
\inf@bad=\count186
LaTeX Info: Redefining \frac on input line 234.
\uproot@=\count187
\leftroot@=\count188
LaTeX Info: Redefining \overline on input line 399.
\classnum@=\count189
\DOTSCASE@=\count190
LaTeX Info: Redefining \ldots on input line 496.
LaTeX Info: Redefining \dots on input line 499.
LaTeX Info: Redefining \cdots on input line 620.
\Mathstrutbox@=\box47
\strutbox@=\box48
\big@size=\dimen141
LaTeX Font Info:    Redeclaring font encoding OML on input line 743.
LaTeX Font Info:    Redeclaring font encoding OMS on input line 744.
\macc@depth=\count191
\c@MaxMatrixCols=\count192
\dotsspace@=\muskip16
\c@parentequation=\count193
\dspbrk@lvl=\count194
\tag@help=\toks16
\row@=\count195
\column@=\count196
\maxfields@=\count197
\andhelp@=\toks17
\eqnshift@=\dimen142
\alignsep@=\dimen143
\tagshift@=\dimen144
\tagwidth@=\dimen145
\totwidth@=\dimen146
\lineht@=\dimen147
\@envbody=\toks18
\multlinegap=\skip50
\multlinetaggap=\skip51
\mathdisplay@stack=\toks19
LaTeX Info: Redefining \[ on input line 2923.
LaTeX Info: Redefining \] on input line 2924.
)
("C:\Program Files\MiKTeX\tex/latex/amsfonts\amssymb.sty"
Package: amssymb 2013/01/14 v3.01 AMS font symbols

("C:\Program Files\MiKTeX\tex/latex/amsfonts\amsfonts.sty"
Package: amsfonts 2013/01/14 v3.01 Basic AMSFonts support
\symAMSa=\mathgroup4
\symAMSb=\mathgroup5
LaTeX Font Info:    Redeclaring math symbol \hbar on input line 98.
LaTeX Font Info:    Overwriting math alphabet `\mathfrak' in version `bold'
(Font)                  U/euf/m/n --> U/euf/b/n on input line 106.
))
(C:\Users\Robert\AppData\Roaming\MiKTeX\tex/latex/float\float.sty
Package: float 2001/11/08 v1.3d Float enhancements (AL)
\c@float@type=\count198
\float@exts=\toks20
\float@box=\box49
\@float@everytoks=\toks21
\@floatcapt=\box50
)
("C:\Program Files\MiKTeX\tex/latex/base\makeidx.sty"
Package: makeidx 2014/09/29 v1.0m Standard LaTeX package
)
("C:\Program Files\MiKTeX\tex/latex/base\latexsym.sty"
Package: latexsym 1998/08/17 v2.2e Standard LaTeX package (lasy symbols)
\symlasy=\mathgroup6
LaTeX Font Info:    Overwriting symbol font `lasy' in version `bold'
(Font)                  U/lasy/m/n --> U/lasy/b/n on input line 52.
)
("C:\Program Files\MiKTeX\tex/latex/graphics\graphicx.sty"
Package: graphicx 2020/09/09 v1.2b Enhanced LaTeX Graphics (DPC,SPQR)

("C:\Program Files\MiKTeX\tex/latex/graphics\keyval.sty"
Package: keyval 2014/10/28 v1.15 key=value parser (DPC)
\KV@toks@=\toks22
)
("C:\Program Files\MiKTeX\tex/latex/graphics\graphics.sty"
Package: graphics 2020/08/30 v1.4c Standard LaTeX Graphics (DPC,SPQR)

("C:\Program Files\MiKTeX\tex/latex/graphics\trig.sty"
Package: trig 2016/01/03 v1.10 sin cos tan (DPC)
)
("C:\Program Files\MiKTeX\tex/latex/graphics-cfg\graphics.cfg"
File: graphics.cfg 2016/06/04 v1.11 sample graphics configuration
)
Package graphics Info: Driver file: pdftex.def on input line 105.

("C:\Program Files\MiKTeX\tex/latex/graphics-def\pdftex.def"
File: pdftex.def 2020/10/05 v1.2a Graphics/color driver for pdftex
))
\Gin@req@height=\dimen148
\Gin@req@width=\dimen149
)
("C:\Program Files\MiKTeX\tex/latex/graphics\color.sty"
Package: color 2020/02/24 v1.2b Standard LaTeX Color (DPC)

("C:\Program Files\MiKTeX\tex/latex/graphics-cfg\color.cfg"
File: color.cfg 2016/01/02 v1.6 sample color configuration
)
Package color Info: Driver file: pdftex.def on input line 147.
)
(C:\Users\Robert\AppData\Roaming\MiKTeX\tex/latex/wrapfig\wrapfig.sty
\wrapoverhang=\dimen150
\WF@size=\dimen151
\c@WF@wrappedlines=\count199
\WF@box=\box51
\WF@everypar=\toks23
Package: wrapfig 2003/01/31  v 3.6
)
\c@theorem=\count266
\c@definition=\count267
\c@example=\count268
\c@remark=\count269

(macros.tex)
\@indexfile=\write3
\openout3 = `lucrare-licenta-Nume-Prenume.idx'.


Writing index file lucrare-licenta-Nume-Prenume.idx
("C:\Program Files\MiKTeX\tex/latex/l3backend\l3backend-pdftex.def"
File: l3backend-pdftex.def 2021-01-09 L3 backend support: PDF output (pdfTeX)
\l__kernel_color_stack_int=\count270
\l__pdf_internal_box=\box52
)
(lucrare-licenta-Nume-Prenume.aux (lucrarea.aux))
\openout1 = `lucrare-licenta-Nume-Prenume.aux'.

LaTeX Font Info:    Checking defaults for OML/cmm/m/it on input line 51.
LaTeX Font Info:    ... okay on input line 51.
LaTeX Font Info:    Checking defaults for OMS/cmsy/m/n on input line 51.
LaTeX Font Info:    ... okay on input line 51.
LaTeX Font Info:    Checking defaults for OT1/cmr/m/n on input line 51.
LaTeX Font Info:    ... okay on input line 51.
LaTeX Font Info:    Checking defaults for T1/cmr/m/n on input line 51.
LaTeX Font Info:    ... okay on input line 51.
LaTeX Font Info:    Checking defaults for TS1/cmr/m/n on input line 51.
LaTeX Font Info:    ... okay on input line 51.
LaTeX Font Info:    Checking defaults for OMX/cmex/m/n on input line 51.
LaTeX Font Info:    ... okay on input line 51.
LaTeX Font Info:    Checking defaults for U/cmr/m/n on input line 51.
LaTeX Font Info:    ... okay on input line 51.

("C:\Program Files\MiKTeX\tex/context/base/mkii\supp-pdf.mkii"
[Loading MPS to PDF converter (version 2006.09.02).]
\scratchcounter=\count271
\scratchdimen=\dimen152
\scratchbox=\box53
\nofMPsegments=\count272
\nofMParguments=\count273
\everyMPshowfont=\toks24
\MPscratchCnt=\count274
\MPscratchDim=\dimen153
\MPnumerator=\count275
\makeMPintoPDFobject=\count276
\everyMPtoPDFconversion=\toks25
) ("C:\Program Files\MiKTeX\tex/latex/epstopdf-pkg\epstopdf-base.sty"
Package: epstopdf-base 2020-01-24 v2.11 Base part for package epstopdf
Package epstopdf-base Info: Redefining graphics rule for `.eps' on input line 4
85.
) [1

{C:/Users/Robert/AppData/Local/MiKTeX/pdftex/config/pdftex.map}]
Package epstopdf Info: Source file: <sigla-Poli.eps>
(epstopdf)                    date: 2021-03-20 14:52:02
(epstopdf)                    size: 133233 bytes
(epstopdf)             Output file: <sigla-Poli-eps-converted-to.pdf>
(epstopdf)                    date: 2021-03-20 14:53:28
(epstopdf)                    size: 13828 bytes
(epstopdf)             Command: <epstopdf --outfile=sigla-Poli-eps-converted-to
.pdf sigla-Poli.eps>
(epstopdf)             \includegraphics on input line 97.
Package epstopdf Info: Output file is already uptodate.


pdfTeX warning: pdflatex (file ./sigla-Poli-eps-converted-to.pdf): PDF inclusio
n: found PDF version <1.7>, but at most version <1.5> allowed
<sigla-Poli-eps-converted-to.pdf, id=8, 103.38625pt x 115.43124pt>
File: sigla-Poli-eps-converted-to.pdf Graphic file (type pdf)
<use sigla-Poli-eps-converted-to.pdf>
Package pdftex.def Info: sigla-Poli-eps-converted-to.pdf  used on input line 97
.
(pdftex.def)             Requested size: 64.01608pt x 71.47504pt.

Package wrapfig Warning: Collision between wrapping environments on input line 
112.

Package epstopdf Info: Source file: <sigla-Poli-FSA.eps>
(epstopdf)                    date: 2021-03-20 14:52:02
(epstopdf)                    size: 125778 bytes
(epstopdf)             Output file: <sigla-Poli-FSA-eps-converted-to.pdf>
(epstopdf)                    date: 2021-03-20 14:53:29
(epstopdf)                    size: 12139 bytes
(epstopdf)             Command: <epstopdf --outfile=sigla-Poli-FSA-eps-converte
d-to.pdf sigla-Poli-FSA.eps>
(epstopdf)             \includegraphics on input line 115.
Package epstopdf Info: Output file is already uptodate.


pdfTeX warning: pdflatex (file ./sigla-Poli-FSA-eps-converted-to.pdf): PDF incl
usion: found PDF version <1.7>, but at most version <1.5> allowed
<sigla-Poli-FSA-eps-converted-to.pdf, id=9, 104.39pt x 107.40125pt>
File: sigla-Poli-FSA-eps-converted-to.pdf Graphic file (type pdf)
<use sigla-Poli-FSA-eps-converted-to.pdf>
Package pdftex.def Info: sigla-Poli-FSA-eps-converted-to.pdf  used on input lin
e 115.
(pdftex.def)             Requested size: 64.01608pt x 65.86699pt.
[2 <./sigla-Poli-eps-converted-to.pdf> <./sigla-Poli-FSA-eps-converted-to.pdf>]
(lucrare-licenta-Nume-Prenume.toc
LaTeX Font Info:    Trying to load font information for U+msa on input line 3.

("C:\Program Files\MiKTeX\tex/latex/amsfonts\umsa.fd"
File: umsa.fd 2013/01/14 v3.01 AMS symbols A
)
LaTeX Font Info:    Trying to load font information for U+msb on input line 3.

("C:\Program Files\MiKTeX\tex/latex/amsfonts\umsb.fd"
File: umsb.fd 2013/01/14 v3.01 AMS symbols B
)
LaTeX Font Info:    Trying to load font information for U+lasy on input line 3.


("C:\Program Files\MiKTeX\tex/latex/base\ulasy.fd"
File: ulasy.fd 1998/08/17 v2.2e LaTeX symbol font definitions
))
\tf@toc=\write4
\openout4 = `lucrare-licenta-Nume-Prenume.toc'.

 [3

]
\openout2 = `lucrarea.aux'.

 (lucrarea.tex
Overfull \hbox (2.43333pt too wide) has occurred while \output is active
 $[]$
 []

[4


] [5]
Overfull \hbox (2.43333pt too wide) has occurred while \output is active
 $[]$
 []

[6

]
Capitolul 1.
[7]
Overfull \hbox (2.43333pt too wide) has occurred while \output is active
 $[]$
 []

[8

]
Capitolul 2.
[9]
Overfull \hbox (2.43333pt too wide) has occurred while \output is active
 $[]$
 []

[10

]) [11] (capbib.tex
Overfull \hbox (2.43333pt too wide) has occurred while \output is active
 $[]$
 []

[12



]) (lucrare-licenta-Nume-Prenume.ind [13] [14


])
(lucrare-licenta-Nume-Prenume.aux (lucrarea.aux)) ) 
Here is how much of TeX's memory you used:
 2726 strings out of 479618
 36235 string characters out of 2874899
 309303 words of memory out of 3000000
 19854 multiletter control sequences out of 15000+200000
 411336 words of font info for 58 fonts, out of 3000000 for 9000
 1141 hyphenation exceptions out of 8191
 68i,10n,74p,246b,257s stack positions out of 5000i,500n,10000p,200000b,50000s
<C:/Program Files/MiKTeX/fon
ts/type1/public/amsfonts/cm/cmbx10.pfb><C:/Program Files/MiKTeX/fonts/type1/pub
lic/amsfonts/cm/cmbx12.pfb><C:/Program Files/MiKTeX/fonts/type1/public/amsfonts
/cm/cmcsc10.pfb><C:/Program Files/MiKTeX/fonts/type1/public/amsfonts/cm/cmr10.p
fb><C:/Program Files/MiKTeX/fonts/type1/public/amsfonts/cm/cmti10.pfb><C:/Progr
am Files/MiKTeX/fonts/type1/public/amsfonts/cm/cmtt10.pfb>
Output written on lucrare-licenta-Nume-Prenume.pdf (14 pages, 119604 bytes).
PDF statistics:
 80 PDF objects out of 1000 (max. 8388607)
 0 named destinations out of 1000 (max. 500000)
 11 words of extra memory for PDF output out of 10000 (max. 10000000)

